This is pdfTeX, Version 3.14159265-2.6-1.40.16 (TeX Live 2015) (preloaded format=pdflatex 2015.5.24)  14 SEP 2015 19:45
entering extended mode
 restricted \write18 enabled.
 %&-line parsing enabled.
**recipeUnderstanding.tex
(./recipeUnderstanding.tex
LaTeX2e <2015/01/01>
Babel <3.9l> and hyphenation patterns for 79 languages loaded.
(/usr/local/texlive/2015/texmf-dist/tex/latex/base/article.cls
Document Class: article 2014/09/29 v1.4h Standard LaTeX document class
(/usr/local/texlive/2015/texmf-dist/tex/latex/base/size10.clo
File: size10.clo 2014/09/29 v1.4h Standard LaTeX file (size option)
)
\c@part=\count79
\c@section=\count80
\c@subsection=\count81
\c@subsubsection=\count82
\c@paragraph=\count83
\c@subparagraph=\count84
\c@figure=\count85
\c@table=\count86
\abovecaptionskip=\skip41
\belowcaptionskip=\skip42
\bibindent=\dimen102
) (./iccv.sty
(./eso-pic.sty
Package: eso-pic 2002/11/16 v1.1b eso-pic (RN)
 (./iccv_eso.sty

LaTeX Warning: You have requested package `eso-pic',
               but the package provides `everyshi'.

Package: everyshi 2001/05/15 v3.00 EveryShipout Package (MS)
) (/usr/local/texlive/2015/texmf-dist/tex/latex/graphics/keyval.sty
Package: keyval 2014/10/28 v1.15 key=value parser (DPC)
\KV@toks@=\toks14
))
(/usr/local/texlive/2015/texmf-dist/tex/latex/tools/xspace.sty
Package: xspace 2014/10/28 v1.13 Space after command names (DPC,MH)
)
ICCV 8.5 x 11-Inch Proceedings Style `iccv.sty'.
\@ctmp=\skip43
\@figindent=\skip44
\iccvrulerbox=\box26
\iccvrulercount=\count87
\iccvruleroffset=\dimen103
\cv@lineheight=\dimen104
\cv@boxheight=\dimen105
\cv@tmpbox=\box27
\cv@refno=\count88
\cv@tot=\count89
\cv@tmpc@=\count90
\cv@tmpc=\count91
) (/usr/local/texlive/2015/texmf-dist/tex/latex/psnfss/times.sty
Package: times 2005/04/12 PSNFSS-v9.2a (SPQR) 
)
(/usr/local/texlive/2015/texmf-dist/tex/latex/graphics/epsfig.sty
Package: epsfig 1999/02/16 v1.7a (e)psfig emulation (SPQR)

(/usr/local/texlive/2015/texmf-dist/tex/latex/graphics/graphicx.sty
Package: graphicx 2014/10/28 v1.0g Enhanced LaTeX Graphics (DPC,SPQR)

(/usr/local/texlive/2015/texmf-dist/tex/latex/graphics/graphics.sty
Package: graphics 2014/10/28 v1.0p Standard LaTeX Graphics (DPC,SPQR)

(/usr/local/texlive/2015/texmf-dist/tex/latex/graphics/trig.sty
Package: trig 1999/03/16 v1.09 sin cos tan (DPC)
)
(/usr/local/texlive/2015/texmf-dist/tex/latex/latexconfig/graphics.cfg
File: graphics.cfg 2010/04/23 v1.9 graphics configuration of TeX Live
)
Package graphics Info: Driver file: pdftex.def on input line 94.

(/usr/local/texlive/2015/texmf-dist/tex/latex/pdftex-def/pdftex.def
File: pdftex.def 2011/05/27 v0.06d Graphics/color for pdfTeX

(/usr/local/texlive/2015/texmf-dist/tex/generic/oberdiek/infwarerr.sty
Package: infwarerr 2010/04/08 v1.3 Providing info/warning/error messages (HO)
)
(/usr/local/texlive/2015/texmf-dist/tex/generic/oberdiek/ltxcmds.sty
Package: ltxcmds 2011/11/09 v1.22 LaTeX kernel commands for general use (HO)
)
\Gread@gobject=\count92
))
\Gin@req@height=\dimen106
\Gin@req@width=\dimen107
)
\epsfxsize=\dimen108
\epsfysize=\dimen109
)
(/usr/local/texlive/2015/texmf-dist/tex/latex/amsmath/amsmath.sty
Package: amsmath 2013/01/14 v2.14 AMS math features
\@mathmargin=\skip45

For additional information on amsmath, use the `?' option.
(/usr/local/texlive/2015/texmf-dist/tex/latex/amsmath/amstext.sty
Package: amstext 2000/06/29 v2.01

(/usr/local/texlive/2015/texmf-dist/tex/latex/amsmath/amsgen.sty
File: amsgen.sty 1999/11/30 v2.0
\@emptytoks=\toks15
\ex@=\dimen110
))
(/usr/local/texlive/2015/texmf-dist/tex/latex/amsmath/amsbsy.sty
Package: amsbsy 1999/11/29 v1.2d
\pmbraise@=\dimen111
)
(/usr/local/texlive/2015/texmf-dist/tex/latex/amsmath/amsopn.sty
Package: amsopn 1999/12/14 v2.01 operator names
)
\inf@bad=\count93
LaTeX Info: Redefining \frac on input line 210.
\uproot@=\count94
\leftroot@=\count95
LaTeX Info: Redefining \overline on input line 306.
\classnum@=\count96
\DOTSCASE@=\count97
LaTeX Info: Redefining \ldots on input line 378.
LaTeX Info: Redefining \dots on input line 381.
LaTeX Info: Redefining \cdots on input line 466.
\Mathstrutbox@=\box28
\strutbox@=\box29
\big@size=\dimen112
LaTeX Font Info:    Redeclaring font encoding OML on input line 566.
LaTeX Font Info:    Redeclaring font encoding OMS on input line 567.
\macc@depth=\count98
\c@MaxMatrixCols=\count99
\dotsspace@=\muskip10
\c@parentequation=\count100
\dspbrk@lvl=\count101
\tag@help=\toks16
\row@=\count102
\column@=\count103
\maxfields@=\count104
\andhelp@=\toks17
\eqnshift@=\dimen113
\alignsep@=\dimen114
\tagshift@=\dimen115
\tagwidth@=\dimen116
\totwidth@=\dimen117
\lineht@=\dimen118
\@envbody=\toks18
\multlinegap=\skip46
\multlinetaggap=\skip47
\mathdisplay@stack=\toks19
LaTeX Info: Redefining \[ on input line 2665.
LaTeX Info: Redefining \] on input line 2666.
)
(/usr/local/texlive/2015/texmf-dist/tex/latex/amsfonts/amssymb.sty
Package: amssymb 2013/01/14 v3.01 AMS font symbols

(/usr/local/texlive/2015/texmf-dist/tex/latex/amsfonts/amsfonts.sty
Package: amsfonts 2013/01/14 v3.01 Basic AMSFonts support
\symAMSa=\mathgroup4
\symAMSb=\mathgroup5
LaTeX Font Info:    Overwriting math alphabet `\mathfrak' in version `bold'
(Font)                  U/euf/m/n --> U/euf/b/n on input line 106.
))
(/usr/local/texlive/2015/texmf-dist/tex/latex/doublestroke/dsfont.sty
Package: dsfont 1995/08/01 v0.1 Double stroke roman fonts
)
(/usr/local/texlive/2015/texmf-dist/tex/latex/xcolor/xcolor.sty
Package: xcolor 2007/01/21 v2.11 LaTeX color extensions (UK)

(/usr/local/texlive/2015/texmf-dist/tex/latex/latexconfig/color.cfg
File: color.cfg 2007/01/18 v1.5 color configuration of teTeX/TeXLive
)
Package xcolor Info: Driver file: pdftex.def on input line 225.
Package xcolor Info: Model `cmy' substituted by `cmy0' on input line 1337.
Package xcolor Info: Model `hsb' substituted by `rgb' on input line 1341.
Package xcolor Info: Model `RGB' extended on input line 1353.
Package xcolor Info: Model `HTML' substituted by `rgb' on input line 1355.
Package xcolor Info: Model `Hsb' substituted by `hsb' on input line 1356.
Package xcolor Info: Model `tHsb' substituted by `hsb' on input line 1357.
Package xcolor Info: Model `HSB' substituted by `hsb' on input line 1358.
Package xcolor Info: Model `Gray' substituted by `gray' on input line 1359.
Package xcolor Info: Model `wave' substituted by `hsb' on input line 1360.
)
(/usr/local/texlive/2015/texmf-dist/tex/latex/setspace/setspace.sty
Package: setspace 2011/12/19 v6.7a set line spacing
)
(/usr/local/texlive/2015/texmf-dist/tex/latex/caption/caption.sty
Package: caption 2013/05/02 v3.3-89 Customizing captions (AR)

(/usr/local/texlive/2015/texmf-dist/tex/latex/caption/caption3.sty
Package: caption3 2013/05/02 v1.6-88 caption3 kernel (AR)
Package caption3 Info: TeX engine: e-TeX on input line 57.
\captionmargin=\dimen119
\captionmargin@=\dimen120
\captionwidth=\dimen121
\caption@tempdima=\dimen122
\caption@indent=\dimen123
\caption@parindent=\dimen124
\caption@hangindent=\dimen125
Package caption Info: Unknown document class (or package),
(caption)             standard defaults will be used.
)

Package caption Warning: Unsupported document class (or package) detected,
(caption)                usage of the caption package is not recommended.
See the caption package documentation for explanation.

Package caption Info: \@makecaption = \long macro:#1#2-> \setbox \@tempboxa \hb
ox {\small \noindent #1.~#2} \setlength {\@ctmp }{\hsize } \addtolength {\@ctmp
 }{-\@figindent }\addtolength {\@ctmp }{-\@figindent } \ifdim \wd \@tempboxa >\
@ctmp {\small #1.~#2\par } \else \hbox to\hsize {\hfil \box \@tempboxa \hfil } 
\fi .
\c@ContinuedFloat=\count105
) (/usr/local/texlive/2015/texmf-dist/tex/latex/caption/subcaption.sty
Package: subcaption 2013/02/03 v1.1-62 Sub-captions (AR)
\c@subfigure=\count106
\c@subtable=\count107
)
(/usr/local/texlive/2015/texmf-dist/tex/latex/hyperref/hyperref.sty
Package: hyperref 2012/11/06 v6.83m Hypertext links for LaTeX

(/usr/local/texlive/2015/texmf-dist/tex/generic/oberdiek/hobsub-hyperref.sty
Package: hobsub-hyperref 2012/05/28 v1.13 Bundle oberdiek, subset hyperref (HO)


(/usr/local/texlive/2015/texmf-dist/tex/generic/oberdiek/hobsub-generic.sty
Package: hobsub-generic 2012/05/28 v1.13 Bundle oberdiek, subset generic (HO)
Package: hobsub 2012/05/28 v1.13 Construct package bundles (HO)
Package hobsub Info: Skipping package `infwarerr' (already loaded).
Package hobsub Info: Skipping package `ltxcmds' (already loaded).
Package: ifluatex 2010/03/01 v1.3 Provides the ifluatex switch (HO)
Package ifluatex Info: LuaTeX not detected.
Package: ifvtex 2010/03/01 v1.5 Detect VTeX and its facilities (HO)
Package ifvtex Info: VTeX not detected.
Package: intcalc 2007/09/27 v1.1 Expandable calculations with integers (HO)
Package: ifpdf 2011/01/30 v2.3 Provides the ifpdf switch (HO)
Package ifpdf Info: pdfTeX in PDF mode is detected.
Package: etexcmds 2011/02/16 v1.5 Avoid name clashes with e-TeX commands (HO)
Package etexcmds Info: Could not find \expanded.
(etexcmds)             That can mean that you are not using pdfTeX 1.50 or
(etexcmds)             that some package has redefined \expanded.
(etexcmds)             In the latter case, load this package earlier.
Package: kvsetkeys 2012/04/25 v1.16 Key value parser (HO)
Package: kvdefinekeys 2011/04/07 v1.3 Define keys (HO)
Package: pdftexcmds 2011/11/29 v0.20 Utility functions of pdfTeX for LuaTeX (HO
)
Package pdftexcmds Info: LuaTeX not detected.
Package pdftexcmds Info: \pdf@primitive is available.
Package pdftexcmds Info: \pdf@ifprimitive is available.
Package pdftexcmds Info: \pdfdraftmode found.
Package: pdfescape 2011/11/25 v1.13 Implements pdfTeX's escape features (HO)
Package: bigintcalc 2012/04/08 v1.3 Expandable calculations on big integers (HO
)
Package: bitset 2011/01/30 v1.1 Handle bit-vector datatype (HO)
Package: uniquecounter 2011/01/30 v1.2 Provide unlimited unique counter (HO)
)
Package hobsub Info: Skipping package `hobsub' (already loaded).
Package: letltxmacro 2010/09/02 v1.4 Let assignment for LaTeX macros (HO)
Package: hopatch 2012/05/28 v1.2 Wrapper for package hooks (HO)
Package: xcolor-patch 2011/01/30 xcolor patch
Package: atveryend 2011/06/30 v1.8 Hooks at the very end of document (HO)
Package atveryend Info: \enddocument detected (standard20110627).
Package: atbegshi 2011/10/05 v1.16 At begin shipout hook (HO)
Package: refcount 2011/10/16 v3.4 Data extraction from label references (HO)
Package: hycolor 2011/01/30 v1.7 Color options for hyperref/bookmark (HO)
)
(/usr/local/texlive/2015/texmf-dist/tex/generic/ifxetex/ifxetex.sty
Package: ifxetex 2010/09/12 v0.6 Provides ifxetex conditional
)
(/usr/local/texlive/2015/texmf-dist/tex/latex/oberdiek/auxhook.sty
Package: auxhook 2011/03/04 v1.3 Hooks for auxiliary files (HO)
)
(/usr/local/texlive/2015/texmf-dist/tex/latex/oberdiek/kvoptions.sty
Package: kvoptions 2011/06/30 v3.11 Key value format for package options (HO)
)
\@linkdim=\dimen126
\Hy@linkcounter=\count108
\Hy@pagecounter=\count109

(/usr/local/texlive/2015/texmf-dist/tex/latex/hyperref/pd1enc.def
File: pd1enc.def 2012/11/06 v6.83m Hyperref: PDFDocEncoding definition (HO)
)
\Hy@SavedSpaceFactor=\count110

(/usr/local/texlive/2015/texmf-dist/tex/latex/latexconfig/hyperref.cfg
File: hyperref.cfg 2002/06/06 v1.2 hyperref configuration of TeXLive
)
Package hyperref Info: Option `breaklinks' set `true' on input line 4319.


Package hyperref Warning: Option `letterpaper' is no longer used.

Package hyperref Info: Option `colorlinks' set `true' on input line 4319.
Package hyperref Info: Option `bookmarks' set `false' on input line 4319.
Package hyperref Info: Hyper figures OFF on input line 4443.
Package hyperref Info: Link nesting OFF on input line 4448.
Package hyperref Info: Hyper index ON on input line 4451.
Package hyperref Info: Plain pages OFF on input line 4458.
Package hyperref Info: Backreferencing ON on input line 4461.
Package hyperref Info: Implicit mode ON; LaTeX internals redefined.
Package hyperref Info: Bookmarks OFF on input line 4694.
(/usr/local/texlive/2015/texmf-dist/tex/latex/hyperref/backref.sty
Package: backref 2012/07/25 v1.38 Bibliographical back referencing

(/usr/local/texlive/2015/texmf-dist/tex/latex/oberdiek/rerunfilecheck.sty
Package: rerunfilecheck 2011/04/15 v1.7 Rerun checks for auxiliary files (HO)
Package uniquecounter Info: New unique counter `rerunfilecheck' on input line 2
82.
))
\c@Hy@tempcnt=\count111

(/usr/local/texlive/2015/texmf-dist/tex/latex/url/url.sty
\Urlmuskip=\muskip11
Package: url 2013/09/16  ver 3.4  Verb mode for urls, etc.
)
LaTeX Info: Redefining \url on input line 5041.
\XeTeXLinkMargin=\dimen127
\Fld@menulength=\count112
\Field@Width=\dimen128
\Fld@charsize=\dimen129
Package hyperref Info: Hyper figures OFF on input line 6295.
Package hyperref Info: Link nesting OFF on input line 6300.
Package hyperref Info: Hyper index ON on input line 6303.
Package hyperref Info: backreferencing ON on input line 6308.
Package hyperref Info: Link coloring ON on input line 6313.
Package hyperref Info: Link coloring with OCG OFF on input line 6320.
Package hyperref Info: PDF/A mode OFF on input line 6325.
LaTeX Info: Redefining \ref on input line 6365.
LaTeX Info: Redefining \pageref on input line 6369.
\Hy@abspage=\count113
\c@Item=\count114
\c@Hfootnote=\count115
)

Package hyperref Message: Driver (autodetected): hpdftex.

(/usr/local/texlive/2015/texmf-dist/tex/latex/hyperref/hpdftex.def
File: hpdftex.def 2012/11/06 v6.83m Hyperref driver for pdfTeX
\Fld@listcount=\count116
\c@bookmark@seq@number=\count117
\Hy@SectionHShift=\skip48
)
(./recipeUnderstanding.aux)
\openout1 = `recipeUnderstanding.aux'.

LaTeX Font Info:    Checking defaults for OML/cmm/m/it on input line 33.
LaTeX Font Info:    ... okay on input line 33.
LaTeX Font Info:    Checking defaults for T1/cmr/m/n on input line 33.
LaTeX Font Info:    ... okay on input line 33.
LaTeX Font Info:    Checking defaults for OT1/cmr/m/n on input line 33.
LaTeX Font Info:    ... okay on input line 33.
LaTeX Font Info:    Checking defaults for OMS/cmsy/m/n on input line 33.
LaTeX Font Info:    ... okay on input line 33.
LaTeX Font Info:    Checking defaults for OMX/cmex/m/n on input line 33.
LaTeX Font Info:    ... okay on input line 33.
LaTeX Font Info:    Checking defaults for U/cmr/m/n on input line 33.
LaTeX Font Info:    ... okay on input line 33.
LaTeX Font Info:    Checking defaults for PD1/pdf/m/n on input line 33.
LaTeX Font Info:    ... okay on input line 33.
LaTeX Font Info:    Try loading font information for OT1+ptm on input line 33.

(/usr/local/texlive/2015/texmf-dist/tex/latex/psnfss/ot1ptm.fd
File: ot1ptm.fd 2001/06/04 font definitions for OT1/ptm.
)
ABD: EveryShipout initializing macros
(/usr/local/texlive/2015/texmf-dist/tex/context/base/supp-pdf.mkii
[Loading MPS to PDF converter (version 2006.09.02).]
\scratchcounter=\count118
\scratchdimen=\dimen130
\scratchbox=\box30
\nofMPsegments=\count119
\nofMParguments=\count120
\everyMPshowfont=\toks20
\MPscratchCnt=\count121
\MPscratchDim=\dimen131
\MPnumerator=\count122
\makeMPintoPDFobject=\count123
\everyMPtoPDFconversion=\toks21
) (/usr/local/texlive/2015/texmf-dist/tex/latex/oberdiek/epstopdf-base.sty
Package: epstopdf-base 2010/02/09 v2.5 Base part for package epstopdf

(/usr/local/texlive/2015/texmf-dist/tex/latex/oberdiek/grfext.sty
Package: grfext 2010/08/19 v1.1 Manage graphics extensions (HO)
)
Package grfext Info: Graphics extension search list:
(grfext)             [.png,.pdf,.jpg,.mps,.jpeg,.jbig2,.jb2,.PNG,.PDF,.JPG,.JPE
G,.JBIG2,.JB2,.eps]
(grfext)             \AppendGraphicsExtensions on input line 452.

(/usr/local/texlive/2015/texmf-dist/tex/latex/latexconfig/epstopdf-sys.cfg
File: epstopdf-sys.cfg 2010/07/13 v1.3 Configuration of (r)epstopdf for TeX Liv
e
))
Package caption Info: Begin \AtBeginDocument code.
Package caption Info: hyperref package is loaded.
Package caption Info: End \AtBeginDocument code.
\AtBeginShipoutBox=\box31
Package atbegshi Info: Package `everyshi' patched.
Package hyperref Info: Link coloring ON on input line 33.

(/usr/local/texlive/2015/texmf-dist/tex/latex/hyperref/nameref.sty
Package: nameref 2012/10/27 v2.43 Cross-referencing by name of section

(/usr/local/texlive/2015/texmf-dist/tex/generic/oberdiek/gettitlestring.sty
Package: gettitlestring 2010/12/03 v1.4 Cleanup title references (HO)
)
\c@section@level=\count124
)
LaTeX Info: Redefining \ref on input line 33.
LaTeX Info: Redefining \pageref on input line 33.
LaTeX Info: Redefining \nameref on input line 33.
LaTeX Font Info:    Font shape `OT1/ptm/bx/n' in size <14.4> not available
(Font)              Font shape `OT1/ptm/b/n' tried instead on input line 59.
LaTeX Font Info:    Try loading font information for U+msa on input line 59.

(/usr/local/texlive/2015/texmf-dist/tex/latex/amsfonts/umsa.fd
File: umsa.fd 2013/01/14 v3.01 AMS symbols A
)
LaTeX Font Info:    Try loading font information for U+msb on input line 59.

(/usr/local/texlive/2015/texmf-dist/tex/latex/amsfonts/umsb.fd
File: umsb.fd 2013/01/14 v3.01 AMS symbols B
)
LaTeX Font Info:    Try loading font information for OT1+pcr on input line 59.

(/usr/local/texlive/2015/texmf-dist/tex/latex/psnfss/ot1pcr.fd
File: ot1pcr.fd 2001/06/04 font definitions for OT1/pcr.
)
LaTeX Font Info:    Try loading font information for OMS+pcr on input line 59.

(/usr/local/texlive/2015/texmf-dist/tex/latex/psnfss/omspcr.fd
File: omspcr.fd 
)
LaTeX Font Info:    Font shape `OMS/pcr/m/n' in size <9> not available
(Font)              Font shape `OMS/cmsy/m/n' tried instead on input line 59.
LaTeX Font Info:    Font shape `OT1/ptm/bx/n' in size <12> not available
(Font)              Font shape `OT1/ptm/b/n' tried instead on input line 64.
 (./intro.tex
Underfull \hbox (badness 1859) in paragraph at lines 65--2
[]\OT1/ptm/m/it/10 Human com-mu-ni-ca-tion typ-i-cally has an un-der-ly-ing
 []

<Figure_1_flattened.pdf, id=4, 236.082pt x 105.2733pt>
File: Figure_1_flattened.pdf Graphic file (type pdf)

<use Figure_1_flattened.pdf>
Package pdftex.def Info: Figure_1_flattened.pdf used on input line 21.
(pdftex.def)             Requested size: 238.48886pt x 106.34767pt.

Overfull \hbox (1.35292pt too wide) in paragraph at lines 21--22
[][] 
 []


LaTeX Warning: `!h' float specifier changed to `!ht'.


Underfull \vbox (badness 1038) has occurred while \output is active []

 [1{/usr/local/texlive/2015/texmf-var/fonts/map/pdftex/updmap/pdftex.map}


 <./Figure_1_flattened.pdf>]) (./related.tex
LaTeX Font Info:    Font shape `OT1/ptm/bx/n' in size <10> not available
(Font)              Font shape `OT1/ptm/b/n' tried instead on input line 4.
) (./overview.tex [2]) (./method-features.tex
<./images/repr.pdf, id=140, 637.38126pt x 308.15125pt>
File: ./images/repr.pdf Graphic file (type pdf)
 <use ./images/repr.pdf>
Package pdftex.def Info: ./images/repr.pdf used on input line 6.
(pdftex.def)             Requested size: 248.42812pt x 120.10326pt.

Overfull \hbox (11.29218pt too wide) in paragraph at lines 6--8
[][]
 []

<./images/frame.pdf, id=146, 1595.9625pt x 976.64874pt>
File: ./images/frame.pdf Graphic file (type pdf)

<use ./images/frame.pdf>
Package pdftex.def Info: ./images/frame.pdf used on input line 32.
(pdftex.def)             Requested size: 238.48886pt x 145.93959pt.

Overfull \hbox (1.35292pt too wide) in paragraph at lines 32--33
[][] 
 []

[3 <./images/repr.pdf> <./images/frame.pdf>]
<./images/joint_clustering.pdf, id=243, 698.61pt x 357.335pt>
File: ./images/joint_clustering.pdf Graphic file (type pdf)

<use ./images/joint_clustering.pdf>
Package pdftex.def Info: ./images/joint_clustering.pdf used on input line 43.
(pdftex.def)             Requested size: 238.48886pt x 121.983pt.

Overfull \hbox (1.35292pt too wide) in paragraph at lines 43--47
[][] 
 []

LaTeX Font Info:    Try loading font information for U+dsrom on input line 67.
(/usr/local/texlive/2015/texmf-dist/tex/latex/doublestroke/Udsrom.fd
File: Udsrom.fd 1995/08/01 v0.1 Double stroke roman font definitions
)
Underfull \hbox (badness 10000) in paragraph at lines 71--72
[]\OT1/ptm/m/n/10 Although we can not use the ef-fi-cient eigen-
 []


Underfull \hbox (badness 1509) in paragraph at lines 71--72
\OT1/ptm/m/n/10 decomposition ap-proach from [[], []][] as a re-sult of
 []


Overfull \hbox (2.97296pt too wide) detected at line 77
[]\OMS/cmsy/m/n/10 r[] \OT1/cmr/m/n/10 = [] + [] []\OML/cmm/m/it/10 ;
 []

<./images/im0.png, id=253, 3000.20876pt x 963.6pt>
File: ./images/im0.png Graphic file (type png)
 <use ./images/im0.png>
Package pdftex.def Info: ./images/im0.png used on input line 85.
(pdftex.def)             Requested size: 114.27481pt x 36.69951pt.

<./images/im4.png, id=254, 3000.20876pt x 963.6pt>
File: ./images/im4.png Graphic file (type png)
 <use ./images/im4.png>
Package pdftex.def Info: ./images/im4.png used on input line 90.
(pdftex.def)             Requested size: 114.27481pt x 36.69951pt.

<./images/im8.png, id=255, 3000.20876pt x 963.6pt>
File: ./images/im8.png Graphic file (type png)
 <use ./images/im8.png>
Package pdftex.def Info: ./images/im8.png used on input line 103.
(pdftex.def)             Requested size: 114.27481pt x 36.69951pt.

<./images/im10.png, id=256, 3000.20876pt x 963.6pt>
File: ./images/im10.png Graphic file (type png)
 <use ./images/im10.png>
Package pdftex.def Info: ./images/im10.png used on input line 107.
(pdftex.def)             Requested size: 114.27481pt x 36.69951pt.
)
(./method-learning.tex [4 <./images/joint_clustering.pdf> <./images/im0.png (PN
G copy)> <./images/im4.png (PNG copy)> <./images/im8.png (PNG copy)> <./images/
im10.png (PNG copy)>] <plate.pdf, id=352, 415.41025pt x 244.6937pt>
File: plate.pdf Graphic file (type pdf)

<use plate.pdf>
Package pdftex.def Info: plate.pdf used on input line 33.
(pdftex.def)             Requested size: 248.42812pt x 146.33195pt.

Overfull \hbox (11.29218pt too wide) in paragraph at lines 33--35
[][]
 []

) (./experiments.tex
Underfull \vbox (badness 10000) has occurred while \output is active []

 [5 <./plate.pdf>]
LaTeX Font Info:    Font shape `OT1/ptm/bx/it' in size <10> not available
(Font)              Font shape `OT1/ptm/b/it' tried instead on input line 8.
 <./images/figure_7_flt.pdf, id=409, 218.9781pt x 62.634pt>
File: ./images/figure_7_flt.pdf Graphic file (type pdf)

<use ./images/figure_7_flt.pdf>
Package pdftex.def Info: ./images/figure_7_flt.pdf used on input line 23.
(pdftex.def)             Requested size: 248.42812pt x 71.06038pt.

Overfull \hbox (11.29218pt too wide) in paragraph at lines 23--26
[][] 
 []

<figure_8a_flattened.pdf, id=412, 512.1534pt x 166.94371pt>
File: figure_8a_flattened.pdf Graphic file (type pdf)

<use figure_8a_flattened.pdf>
Package pdftex.def Info: figure_8a_flattened.pdf used on input line 40.
(pdftex.def)             Requested size: 496.85625pt x 161.96574pt.

<./images/figure_8b_flattened.pdf, id=413, 512.1534pt x 169.3527pt>
File: ./images/figure_8b_flattened.pdf Graphic file (type pdf)

<use ./images/figure_8b_flattened.pdf>
Package pdftex.def Info: ./images/figure_8b_flattened.pdf used on input line 48
.
(pdftex.def)             Requested size: 496.85625pt x 164.30292pt.

Overfull \hbox (1.90002pt too wide) in paragraph at lines 47--53
[][]  
 []

[6 <./images/figure_7_flt.pdf>]
<./images/figure_9.pdf, id=440, 460.93506pt x 56.9055pt>
File: ./images/figure_9.pdf Graphic file (type pdf)

<use ./images/figure_9.pdf>
Package pdftex.def Info: ./images/figure_9.pdf used on input line 78.
(pdftex.def)             Requested size: 496.85625pt x 61.34326pt.

<./images/figure_10.pdf, id=441, 460.93506pt x 56.9055pt>
File: ./images/figure_10.pdf Graphic file (type pdf)

<use ./images/figure_10.pdf>
Package pdftex.def Info: ./images/figure_10.pdf used on input line 82.
(pdftex.def)             Requested size: 496.85625pt x 61.34326pt.

<./images/figure_8c.pdf, id=444, 1750.54pt x 307.1475pt>
File: ./images/figure_8c.pdf Graphic file (type pdf)

<use ./images/figure_8c.pdf>
Package pdftex.def Info: ./images/figure_8c.pdf used on input line 92.
(pdftex.def)             Requested size: 496.85625pt x 87.17706pt.

Underfull \vbox (badness 5985) has occurred while \output is active []

 [7 <./figure_8a_flattened.pdf> <./images/figure_8b_flattened.pdf>]
Underfull \hbox (badness 2486) in paragraph at lines 142--145
[]\OT1/ptm/m/n/10 Both $\OML/cmm/m/it/10 mAP[]$ \OT1/ptm/m/n/10 and $\OML/cmm/m
/it/10 mAP[]$ \OT1/ptm/m/n/10 met-rics sug-gest that
 []

) (./conclusion.tex)
No file recipeUnderstanding.bbl.
Package atveryend Info: Empty hook `BeforeClearDocument' on input line 414.
[8 <./images/figure_9.pdf> <./images/figure_10.pdf

pdfTeX warning: /usr/texbin/pdflatex (file ./images/figure_10.pdf): PDF inclusi
on: multiple pdfs with page group included in a single page
> <./images/figure_8c.pdf>]
Package atveryend Info: Empty hook `AfterLastShipout' on input line 414.
 (./recipeUnderstanding.aux)
Package atveryend Info: Executing hook `AtVeryEndDocument' on input line 414.
Package atveryend Info: Empty hook `AtEndAfterFileList' on input line 414.
Package atveryend Info: Empty hook `AtVeryVeryEnd' on input line 414.
 ) 
Here is how much of TeX's memory you used:
 8259 strings out of 493089
 123127 string characters out of 6134842
 220261 words of memory out of 5000000
 11479 multiletter control sequences out of 15000+600000
 33250 words of font info for 84 fonts, out of 8000000 for 9000
 1141 hyphenation exceptions out of 8191
 36i,12n,38p,1451b,548s stack positions out of 5000i,500n,10000p,200000b,80000s
pdfTeX warning (dest): name{cite.liao05} has been referenced but does not exi
st, replaced by a fixed one

pdfTeX warning (dest): name{cite.rabiner} has been referenced but does not exis
t, replaced by a fixed one

pdfTeX warning (dest): name{cite.languageModel} has been referenced but does no
t exist, replaced by a fixed one

pdfTeX warning (dest): name{cite.wikiHow} has been referenced but does not exis
t, replaced by a fixed one

pdfTeX warning (dest): name{cite.ibp} has been referenced but does not exist, r
eplaced by a fixed one

pdfTeX warning (dest): name{cite.foxBPHMM} has been referenced but does not exi
st, replaced by a fixed one

pdfTeX warning (dest): name{cite.alexnet} has been referenced but does not exis
t, replaced by a fixed one

pdfTeX warning (dest): name{cite.scgp_eigen} has been referenced but does not e
xist, replaced by a fixed one

pdfTeX warning (dest): name{cite.scgp} has been referenced but does not exist, 
replaced by a fixed one

pdfTeX warning (dest): name{cite.keysegments} has been referenced but does not 
exist, replaced by a fixed one

pdfTeX warning (dest): name{cite.cpmc} has been referenced but does not exist, 
replaced by a fixed one

pdfTeX warning (dest): name{cite.photoshop} has been referenced but does not ex
ist, replaced by a fixed one

pdfTeX warning (dest): name{cite.alignment} has been referenced but does not ex
ist, replaced by a fixed one

pdfTeX warning (dest): name{cite.cookie} has been referenced but does not exist
, replaced by a fixed one

pdfTeX warning (dest): name{cite.beetz} has been referenced but does not exist,
 replaced by a fixed one

pdfTeX warning (dest): name{cite.logicRecipe} has been referenced but does not 
exist, replaced by a fixed one

pdfTeX warning (dest): name{cite.cookingSemantics} has been referenced but does
 not exist, replaced by a fixed one

pdfTeX warning (dest): name{cite.barbu2012video} has been referenced but does n
ot exist, replaced by a fixed one

pdfTeX warning (dest): name{cite.das2013thousand} has been referenced but does 
not exist, replaced by a fixed one

pdfTeX warning (dest): name{cite.sun2014discover} has been referenced but does 
not exist, replaced by a fixed one

pdfTeX warning (dest): name{cite.lan14_vs} has been referenced but does not exi
st, replaced by a fixed one

pdfTeX warning (dest): name{cite.lan14_eccv} has been referenced but does not e
xist, replaced by a fixed one

pdfTeX warning (dest): name{cite.jain13_cvpr} has been referenced but does not 
exist, replaced by a fixed one

pdfTeX warning (dest): name{cite.yao10b_cvpr} has been referenced but does not 
exist, replaced by a fixed one

pdfTeX warning (dest): name{cite.pirsiavash14_cvpr} has been referenced but doe
s not exist, replaced by a fixed one

pdfTeX warning (dest): name{cite.bojanowski14_eccv} has been referenced but doe
s not exist, replaced by a fixed one

pdfTeX warning (dest): name{cite.laptev07_iccv} has been referenced but does no
t exist, replaced by a fixed one

pdfTeX warning (dest): name{cite.hoai11_cvpr} has been referenced but does not 
exist, replaced by a fixed one

pdfTeX warning (dest): name{cite.duchenne09_iccv} has been referenced but does 
not exist, replaced by a fixed one

pdfTeX warning (dest): name{cite.jainuniversity} has been referenced but does n
ot exist, replaced by a fixed one

pdfTeX warning (dest): name{cite.oneata2014lear} has been referenced but does n
ot exist, replaced by a fixed one

pdfTeX warning (dest): name{cite.THUMOS14} has been referenced but does not exi
st, replaced by a fixed one

pdfTeX warning (dest): name{cite.ryoo09_iccv} has been referenced but does not 
exist, replaced by a fixed one

pdfTeX warning (dest): name{cite.efros03_iccv} has been referenced but does not
 exist, replaced by a fixed one

pdfTeX warning (dest): name{cite.laptev08_cvpr} has been referenced but does no
t exist, replaced by a fixed one

pdfTeX warning (dest): name{cite.niebles10_eccv} has been referenced but does n
ot exist, replaced by a fixed one

pdfTeX warning (dest): name{cite.UCF101} has been referenced but does not exist
, replaced by a fixed one

pdfTeX warning (dest): name{cite.kuehne2011hmdb} has been referenced but does n
ot exist, replaced by a fixed one

pdfTeX warning (dest): name{cite.deepAlignment} has been referenced but does no
t exist, replaced by a fixed one

pdfTeX warning (dest): name{cite.farhadi2010every} has been referenced but does
 not exist, replaced by a fixed one

pdfTeX warning (dest): name{cite.socher2014grounded} has been referenced but do
es not exist, replaced by a fixed one

pdfTeX warning (dest): name{cite.kiros2014multimodal} has been referenced but d
oes not exist, replaced by a fixed one

pdfTeX warning (dest): name{cite.ordonez2011im2text} has been referenced but do
es not exist, replaced by a fixed one

pdfTeX warning (dest): name{cite.motwani2012improving} has been referenced but 
does not exist, replaced by a fixed one

pdfTeX warning (dest): name{cite.yu2013grounded} has been referenced but does n
ot exist, replaced by a fixed one

pdfTeX warning (dest): name{cite.fidler2013sentence} has been referenced but do
es not exist, replaced by a fixed one

pdfTeX warning (dest): name{cite.kong2014you} has been referenced but does not 
exist, replaced by a fixed one

pdfTeX warning (dest): name{cite.zitnick2013bringing} has been referenced but d
oes not exist, replaced by a fixed one

pdfTeX warning (dest): name{cite.zitnick2013learning} has been referenced but d
oes not exist, replaced by a fixed one

pdfTeX warning (dest): name{cite.connecting} has been referenced but does not e
xist, replaced by a fixed one

pdfTeX warning (dest): name{cite.matching} has been referenced but does not exi
st, replaced by a fixed one

pdfTeX warning (dest): name{cite.potapov2014category} has been referenced but d
oes not exist, replaced by a fixed one

pdfTeX warning (dest): name{cite.kim2014joint} has been referenced but does not
 exist, replaced by a fixed one

pdfTeX warning (dest): name{cite.khosla2013large} has been referenced but does 
not exist, replaced by a fixed one

pdfTeX warning (dest): name{cite.gupta2009understanding} has been referenced bu
t does not exist, replaced by a fixed one

pdfTeX warning (dest): name{cite.storyGraph} has been referenced but does not e
xist, replaced by a fixed one

pdfTeX warning (dest): name{cite.rui2000automatically} has been referenced but 
does not exist, replaced by a fixed one

pdfTeX warning (dest): name{cite.lu2013story} has been referenced but does not 
exist, replaced by a fixed one

pdfTeX warning (dest): name{cite.lee2012discovering} has been referenced but do
es not exist, replaced by a fixed one

pdfTeX warning (dest): name{cite.vidAbstraction} has been referenced but does n
ot exist, replaced by a fixed one

{/usr/local/texlive/2015/texmf-dist/fonts/enc/dvips/base/8r.enc}</usr/local/tex
live/2015/texmf-dist/fonts/type1/public/amsfonts/cm/cmbx10.pfb></usr/local/texl
ive/2015/texmf-dist/fonts/type1/public/amsfonts/cm/cmbx5.pfb></usr/local/texliv
e/2015/texmf-dist/fonts/type1/public/amsfonts/cm/cmbx7.pfb></usr/local/texlive/
2015/texmf-dist/fonts/type1/public/amsfonts/cm/cmex10.pfb></usr/local/texlive/2
015/texmf-dist/fonts/type1/public/amsfonts/cm/cmmi10.pfb></usr/local/texlive/20
15/texmf-dist/fonts/type1/public/amsfonts/cm/cmmi12.pfb></usr/local/texlive/201
5/texmf-dist/fonts/type1/public/amsfonts/cm/cmmi5.pfb></usr/local/texlive/2015/
texmf-dist/fonts/type1/public/amsfonts/cm/cmmi6.pfb></usr/local/texlive/2015/te
xmf-dist/fonts/type1/public/amsfonts/cm/cmmi7.pfb></usr/local/texlive/2015/texm
f-dist/fonts/type1/public/amsfonts/cm/cmmi8.pfb></usr/local/texlive/2015/texmf-
dist/fonts/type1/public/amsfonts/cm/cmmi9.pfb></usr/local/texlive/2015/texmf-di
st/fonts/type1/public/amsfonts/cm/cmr10.pfb></usr/local/texlive/2015/texmf-dist
/fonts/type1/public/amsfonts/cm/cmr12.pfb></usr/local/texlive/2015/texmf-dist/f
onts/type1/public/amsfonts/cm/cmr5.pfb></usr/local/texlive/2015/texmf-dist/font
s/type1/public/amsfonts/cm/cmr7.pfb></usr/local/texlive/2015/texmf-dist/fonts/t
ype1/public/amsfonts/cm/cmr8.pfb></usr/local/texlive/2015/texmf-dist/fonts/type
1/public/amsfonts/cm/cmsy10.pfb></usr/local/texlive/2015/texmf-dist/fonts/type1
/public/amsfonts/cm/cmsy5.pfb></usr/local/texlive/2015/texmf-dist/fonts/type1/p
ublic/amsfonts/cm/cmsy7.pfb></usr/local/texlive/2015/texmf-dist/fonts/type1/pub
lic/amsfonts/cm/cmsy8.pfb></usr/local/texlive/2015/texmf-dist/fonts/type1/publi
c/amsfonts/cm/cmsy9.pfb></usr/local/texlive/2015/texmf-dist/fonts/type1/public/
doublestroke/dsrom10.pfb></usr/local/texlive/2015/texmf-dist/fonts/type1/public
/doublestroke/dsrom8.pfb></usr/local/texlive/2015/texmf-dist/fonts/type1/urw/co
urier/ucrr8a.pfb></usr/local/texlive/2015/texmf-dist/fonts/type1/urw/ncntrsbk/u
ncr8a.pfb></usr/local/texlive/2015/texmf-dist/fonts/type1/urw/times/utmb8a.pfb>
</usr/local/texlive/2015/texmf-dist/fonts/type1/urw/times/utmbi8a.pfb></usr/loc
al/texlive/2015/texmf-dist/fonts/type1/urw/times/utmr8a.pfb></usr/local/texlive
/2015/texmf-dist/fonts/type1/urw/times/utmri8a.pfb>
Output written on recipeUnderstanding.pdf (8 pages, 22156722 bytes).
PDF statistics:
 999 PDF objects out of 1000 (max. 8388607)
 517 compressed objects within 6 object streams
 100 named destinations out of 1000 (max. 500000)
 76 words of extra memory for PDF output out of 10000 (max. 10000000)

