This is XeTeX, Version 3.1415926-2.5-0.9999.3 (TeX Live 2013/Debian) (format=xelatex 2015.2.14)  19 MAR 2015 00:40
entering extended mode
 restricted \write18 enabled.
 %&-line parsing enabled.
**recipe.
(/usr/share/texlive/texmf-dist/tex/latex/tools/q.tex
! Interruption.
<to be read again> 
                   \begingroup 
l.1 
    %%
? 
LaTeX2e <2011/06/27>
Babel <3.9h> and hyphenation patterns for 4 languages loaded.
File ignored
)
! Emergency stop.
<*> recipe.
           
*** (job aborted, no legal \end found)

 
Here is how much of TeX's memory you used:
 7 strings out of 495615
 161 string characters out of 6186810
 46179 words of memory out of 5000000
 3306 multiletter control sequences out of 15000+600000
 3640 words of font info for 14 fonts, out of 8000000 for 9000
 36 hyphenation exceptions out of 8191
 5i,0n,1p,87b,8s stack positions out of 5000i,500n,10000p,200000b,80000s
No pages of output.
